TN:
SF:src/App.jsx
FN:3,App
FNF:1
FNH:1
FNDA:4,App
DA:4,4
LF:1
LH:1
BRF:0
BRH:0
end_of_record
TN:
SF:src/main.jsx
FNF:0
FNH:0
DA:6,0
LF:1
LH:0
BRF:0
BRH:0
end_of_record
TN:
SF:src/components/BotaoCliques.jsx
FN:3,BotaoCliques
FN:10,(anonymous_1)
FN:12,(anonymous_2)
FN:13,(anonymous_3)
FN:14,(anonymous_4)
FN:18,(anonymous_5)
FNF:6
FNH:6
FNDA:7,BotaoCliques
FNDA:4,(anonymous_1)
FNDA:3,(anonymous_2)
FNDA:3,(anonymous_3)
FNDA:1,(anonymous_4)
FNDA:2,(anonymous_5)
DA:4,7
DA:7,7
DA:10,7
DA:11,4
DA:12,3
DA:13,3
DA:14,1
DA:18,7
DA:19,2
DA:20,2
DA:23,1
DA:24,1
DA:26,1
DA:30,7
LF:14
LH:14
BRF:0
BRH:0
end_of_record
